Tutor4Tutor/app/build/intermediates/manifest_merge_blame_file/debug/manifest-merger-blame-debug-report.txt
1<?xml version="1.0" encoding="utf-8"?>
2<manifest xmlns:android="http://schemas.android.com/apk/res/android"
3    package="com.example.myprofile"
4    android:versionCode="1"
5    android:versionName="1.0" >
6
7    <uses-sdk
8        android:minSdkVersion="15"
8-->src/main/AndroidManifest.xml
9        android:targetSdkVersion="29" />
9-->src/main/AndroidManifest.xml
10
11    <application
11-->src/main/AndroidManifest.xml:5:5-27:19
12        android:allowBackup="true"
12-->src/main/AndroidManifest.xml:6:9-35
13        android:appComponentFactory="androidx.core.app.CoreComponentFactory"
13-->[androidx.core:core:1.1.0] AndroidManifest.xml:24:18-86
14        android:debuggable="true"
15        android:icon="@mipmap/ic_launcher"
15-->src/main/AndroidManifest.xml:7:9-43
16        android:label="@string/app_name"
16-->src/main/AndroidManifest.xml:8:9-41
17        android:roundIcon="@mipmap/ic_launcher_round"
17-->src/main/AndroidManifest.xml:9:9-54
18        android:supportsRtl="true"
18-->src/main/AndroidManifest.xml:10:9-35
19        android:testOnly="true"
20        android:theme="@style/AppTheme" >
20-->src/main/AndroidManifest.xml:11:9-40
21        <activity android:name="com.example.tutor4tutor_src.Menu_page" />
21-->src/main/AndroidManifest.xml:12:9-56
21-->src/main/AndroidManifest.xml:12:19-44
22        <activity android:name="com.example.tutor4tutor_src.homepage" >
22-->src/main/AndroidManifest.xml:13:9-19:20
22-->src/main/AndroidManifest.xml:13:19-43
23            <intent-filter>
23-->src/main/AndroidManifest.xml:14:13-18:29
24                <action android:name="android.intent.action.MAIN" />
24-->src/main/AndroidManifest.xml:15:17-69
24-->src/main/AndroidManifest.xml:15:25-66
25
26                <category android:name="android.intent.category.LAUNCHER" />
26-->src/main/AndroidManifest.xml:17:17-77
26-->src/main/AndroidManifest.xml:17:27-74
27            </intent-filter>
28        </activity>
29        <activity android:name="com.example.tutor4tutor_src.MainMenu" />
29-->src/main/AndroidManifest.xml:20:9-46
29-->src/main/AndroidManifest.xml:20:19-43
30        <activity android:name="com.example.tutor4tutor_src.PostsActivity" />
30-->src/main/AndroidManifest.xml:21:9-51
30-->src/main/AndroidManifest.xml:21:19-48
31        <activity android:name="com.example.tutor4tutor_src.ClassesActivity" />
31-->src/main/AndroidManifest.xml:22:9-53
31-->src/main/AndroidManifest.xml:22:19-50
32        <activity android:name="com.example.tutor4tutor_src.LecturesActivity" />
32-->src/main/AndroidManifest.xml:23:9-54
32-->src/main/AndroidManifest.xml:23:19-51
33        <activity android:name="com.example.tutor4tutor_src.MyAvailability" />
33-->src/main/AndroidManifest.xml:24:9-52
33-->src/main/AndroidManifest.xml:24:19-49
34        <activity android:name="com.example.tutor4tutor_src.MyProfile" />
34-->src/main/AndroidManifest.xml:25:9-47
34-->src/main/AndroidManifest.xml:25:19-44
35        <activity android:name="com.example.tutor4tutor_src.login" />
35-->src/main/AndroidManifest.xml:26:9-43
35-->src/main/AndroidManifest.xml:26:19-40
36    </application>
37
38</manifest>